<?xml version="1.0" encoding="UTF-8"?>
<testng-results skipped="0" failed="0" total="1" passed="1">
  <reporter-output>
  </reporter-output>
  <suite name="Default suite" duration-ms="58" started-at="2023-01-18T06:51:50Z" finished-at="2023-01-18T06:51:50Z">
    <groups>
    </groups>
    <test name="Default test" duration-ms="58" started-at="2023-01-18T06:51:50Z" finished-at="2023-01-18T06:51:50Z">
      <class name="demo.CreateOrgTest">
        <test-method status="PASS" signature="test1()[pri:0, instance:demo.CreateOrgTest@5f150435]" name="test1" duration-ms="26" started-at="2023-01-18T12:21:50Z" finished-at="2023-01-18T12:21:50Z">
          <reporter-output>
          </reporter-output>
        </test-method> <!-- test1 -->
      </class> <!-- demo.CreateOrgTest -->
    </test> <!-- Default test -->
  </suite> <!-- Default suite -->
</testng-results>
